{"C:\\Users\\migarcos\\Documents\\BYU\\cse341\\cse341-team7\\controller\\destination.js": {"path":"C:\\Users\\migarcos\\Documents\\BYU\\cse341\\cse341-team7\\controller\\destination.js","statementMap":{"0":{"start":{"line":1,"column":16},"end":{"line":1,"column":43}},"1":{"start":{"line":2,"column":17},"end":{"line":2,"column":44}},"2":{"start":{"line":5,"column":15},"end":{"line":16,"column":1}},"3":{"start":{"line":7,"column":4},"end":{"line":15,"column":5}},"4":{"start":{"line":8,"column":29},"end":{"line":8,"column":118}},"5":{"start":{"line":11,"column":8},"end":{"line":11,"column":58}},"6":{"start":{"line":12,"column":8},"end":{"line":12,"column":43}},"7":{"start":{"line":14,"column":8},"end":{"line":14,"column":53}},"8":{"start":{"line":19,"column":18},"end":{"line":36,"column":1}},"9":{"start":{"line":21,"column":4},"end":{"line":35,"column":5}},"10":{"start":{"line":22,"column":30},"end":{"line":22,"column":57}},"11":{"start":{"line":23,"column":28},"end":{"line":23,"column":132}},"12":{"start":{"line":26,"column":8},"end":{"line":28,"column":9}},"13":{"start":{"line":27,"column":12},"end":{"line":27,"column":78}},"14":{"start":{"line":31,"column":8},"end":{"line":31,"column":58}},"15":{"start":{"line":32,"column":8},"end":{"line":32,"column":42}},"16":{"start":{"line":34,"column":8},"end":{"line":34,"column":53}},"17":{"start":{"line":39,"column":24},"end":{"line":56,"column":1}},"18":{"start":{"line":41,"column":4},"end":{"line":55,"column":5}},"19":{"start":{"line":42,"column":24},"end":{"line":42,"column":42}},"20":{"start":{"line":43,"column":29},"end":{"line":43,"column":129}},"21":{"start":{"line":46,"column":8},"end":{"line":48,"column":9}},"22":{"start":{"line":47,"column":12},"end":{"line":47,"column":92}},"23":{"start":{"line":51,"column":8},"end":{"line":51,"column":58}},"24":{"start":{"line":52,"column":8},"end":{"line":52,"column":43}},"25":{"start":{"line":54,"column":8},"end":{"line":54,"column":53}},"26":{"start":{"line":59,"column":20},"end":{"line":76,"column":1}},"27":{"start":{"line":61,"column":4},"end":{"line":75,"column":5}},"28":{"start":{"line":62,"column":20},"end":{"line":62,"column":34}},"29":{"start":{"line":63,"column":29},"end":{"line":63,"column":131}},"30":{"start":{"line":66,"column":8},"end":{"line":68,"column":9}},"31":{"start":{"line":67,"column":12},"end":{"line":67,"column":96}},"32":{"start":{"line":71,"column":8},"end":{"line":71,"column":58}},"33":{"start":{"line":72,"column":8},"end":{"line":72,"column":43}},"34":{"start":{"line":74,"column":8},"end":{"line":74,"column":53}},"35":{"start":{"line":79,"column":23},"end":{"line":104,"column":1}},"36":{"start":{"line":81,"column":4},"end":{"line":103,"column":5}},"37":{"start":{"line":82,"column":31},"end":{"line":90,"column":9}},"38":{"start":{"line":93,"column":23},"end":{"line":93,"column":121}},"39":{"start":{"line":96,"column":8},"end":{"line":100,"column":9}},"40":{"start":{"line":97,"column":12},"end":{"line":97,"column":79}},"41":{"start":{"line":99,"column":12},"end":{"line":99,"column":81}},"42":{"start":{"line":102,"column":8},"end":{"line":102,"column":53}},"43":{"start":{"line":107,"column":26},"end":{"line":152,"column":1}},"44":{"start":{"line":121,"column":4},"end":{"line":151,"column":5}},"45":{"start":{"line":122,"column":30},"end":{"line":122,"column":57}},"46":{"start":{"line":123,"column":23},"end":{"line":123,"column":126}},"47":{"start":{"line":126,"column":8},"end":{"line":128,"column":9}},"48":{"start":{"line":127,"column":12},"end":{"line":127,"column":77}},"49":{"start":{"line":132,"column":24},"end":{"line":132,"column":26}},"50":{"start":{"line":133,"column":32},"end":{"line":133,"column":82}},"51":{"start":{"line":134,"column":8},"end":{"line":138,"column":11}},"52":{"start":{"line":135,"column":12},"end":{"line":137,"column":13}},"53":{"start":{"line":136,"column":16},"end":{"line":136,"column":41}},"54":{"start":{"line":141,"column":23},"end":{"line":141,"column":149}},"55":{"start":{"line":144,"column":8},"end":{"line":148,"column":9}},"56":{"start":{"line":145,"column":12},"end":{"line":145,"column":74}},"57":{"start":{"line":147,"column":12},"end":{"line":147,"column":101}},"58":{"start":{"line":150,"column":8},"end":{"line":150,"column":53}},"59":{"start":{"line":155,"column":26},"end":{"line":170,"column":1}},"60":{"start":{"line":157,"column":4},"end":{"line":169,"column":5}},"61":{"start":{"line":158,"column":30},"end":{"line":158,"column":57}},"62":{"start":{"line":159,"column":23},"end":{"line":159,"column":129}},"63":{"start":{"line":162,"column":8},"end":{"line":166,"column":9}},"64":{"start":{"line":163,"column":12},"end":{"line":163,"column":35}},"65":{"start":{"line":165,"column":12},"end":{"line":165,"column":71}},"66":{"start":{"line":168,"column":8},"end":{"line":168,"column":53}},"67":{"start":{"line":174,"column":0},"end":{"line":174,"column":122}}},"fnMap":{"0":{"name":"(anonymous_0)","decl":{"start":{"line":5,"column":15},"end":{"line":5,"column":16}},"loc":{"start":{"line":5,"column":35},"end":{"line":16,"column":1}},"line":5},"1":{"name":"(anonymous_1)","decl":{"start":{"line":19,"column":18},"end":{"line":19,"column":19}},"loc":{"start":{"line":19,"column":38},"end":{"line":36,"column":1}},"line":19},"2":{"name":"(anonymous_2)","decl":{"start":{"line":39,"column":24},"end":{"line":39,"column":25}},"loc":{"start":{"line":39,"column":44},"end":{"line":56,"column":1}},"line":39},"3":{"name":"(anonymous_3)","decl":{"start":{"line":59,"column":20},"end":{"line":59,"column":21}},"loc":{"start":{"line":59,"column":40},"end":{"line":76,"column":1}},"line":59},"4":{"name":"(anonymous_4)","decl":{"start":{"line":79,"column":23},"end":{"line":79,"column":24}},"loc":{"start":{"line":79,"column":43},"end":{"line":104,"column":1}},"line":79},"5":{"name":"(anonymous_5)","decl":{"start":{"line":107,"column":26},"end":{"line":107,"column":27}},"loc":{"start":{"line":107,"column":46},"end":{"line":152,"column":1}},"line":107},"6":{"name":"(anonymous_6)","decl":{"start":{"line":134,"column":32},"end":{"line":134,"column":33}},"loc":{"start":{"line":134,"column":39},"end":{"line":138,"column":9}},"line":134},"7":{"name":"(anonymous_7)","decl":{"start":{"line":155,"column":26},"end":{"line":155,"column":27}},"loc":{"start":{"line":155,"column":46},"end":{"line":170,"column":1}},"line":155}},"branchMap":{"0":{"loc":{"start":{"line":26,"column":8},"end":{"line":28,"column":9}},"type":"if","locations":[{"start":{"line":26,"column":8},"end":{"line":28,"column":9}},{"start":{},"end":{}}],"line":26},"1":{"loc":{"start":{"line":46,"column":8},"end":{"line":48,"column":9}},"type":"if","locations":[{"start":{"line":46,"column":8},"end":{"line":48,"column":9}},{"start":{},"end":{}}],"line":46},"2":{"loc":{"start":{"line":66,"column":8},"end":{"line":68,"column":9}},"type":"if","locations":[{"start":{"line":66,"column":8},"end":{"line":68,"column":9}},{"start":{},"end":{}}],"line":66},"3":{"loc":{"start":{"line":96,"column":8},"end":{"line":100,"column":9}},"type":"if","locations":[{"start":{"line":96,"column":8},"end":{"line":100,"column":9}},{"start":{"line":98,"column":15},"end":{"line":100,"column":9}}],"line":96},"4":{"loc":{"start":{"line":126,"column":8},"end":{"line":128,"column":9}},"type":"if","locations":[{"start":{"line":126,"column":8},"end":{"line":128,"column":9}},{"start":{},"end":{}}],"line":126},"5":{"loc":{"start":{"line":135,"column":12},"end":{"line":137,"column":13}},"type":"if","locations":[{"start":{"line":135,"column":12},"end":{"line":137,"column":13}},{"start":{},"end":{}}],"line":135},"6":{"loc":{"start":{"line":144,"column":8},"end":{"line":148,"column":9}},"type":"if","locations":[{"start":{"line":144,"column":8},"end":{"line":148,"column":9}},{"start":{"line":146,"column":15},"end":{"line":148,"column":9}}],"line":144},"7":{"loc":{"start":{"line":162,"column":8},"end":{"line":166,"column":9}},"type":"if","locations":[{"start":{"line":162,"column":8},"end":{"line":166,"column":9}},{"start":{"line":164,"column":15},"end":{"line":166,"column":9}}],"line":162}},"s":{"0":1,"1":1,"2":1,"3":1,"4":1,"5":1,"6":1,"7":0,"8":1,"9":2,"10":2,"11":2,"12":2,"13":1,"14":1,"15":1,"16":0,"17":1,"18":0,"19":0,"20":0,"21":0,"22":0,"23":0,"24":0,"25":0,"26":1,"27":0,"28":0,"29":0,"30":0,"31":0,"32":0,"33":0,"34":0,"35":1,"36":0,"37":0,"38":0,"39":0,"40":0,"41":0,"42":0,"43":1,"44":0,"45":0,"46":0,"47":0,"48":0,"49":0,"50":0,"51":0,"52":0,"53":0,"54":0,"55":0,"56":0,"57":0,"58":0,"59":1,"60":0,"61":0,"62":0,"63":0,"64":0,"65":0,"66":0,"67":1},"f":{"0":1,"1":2,"2":0,"3":0,"4":0,"5":0,"6":0,"7":0},"b":{"0":[1,1],"1":[0,0],"2":[0,0],"3":[0,0],"4":[0,0],"5":[0,0],"6":[0,0],"7":[0,0]},"_coverageSchema":"1a1c01bbd47fc00a2c39e90264f33305004495a9","hash":"e4854e203ed6350aaa0e00bb3fafe6031bf27b09"}
,"C:\\Users\\migarcos\\Documents\\BYU\\cse341\\cse341-team7\\controller\\itinerary.js": {"path":"C:\\Users\\migarcos\\Documents\\BYU\\cse341\\cse341-team7\\controller\\itinerary.js","statementMap":{"0":{"start":{"line":1,"column":16},"end":{"line":1,"column":43}},"1":{"start":{"line":2,"column":17},"end":{"line":2,"column":44}},"2":{"start":{"line":4,"column":15},"end":{"line":18,"column":1}},"3":{"start":{"line":6,"column":4},"end":{"line":17,"column":5}},"4":{"start":{"line":7,"column":28},"end":{"line":11,"column":22}},"5":{"start":{"line":13,"column":8},"end":{"line":13,"column":58}},"6":{"start":{"line":14,"column":8},"end":{"line":14,"column":42}},"7":{"start":{"line":16,"column":8},"end":{"line":16,"column":53}},"8":{"start":{"line":20,"column":18},"end":{"line":38,"column":1}},"9":{"start":{"line":22,"column":4},"end":{"line":37,"column":5}},"10":{"start":{"line":23,"column":28},"end":{"line":23,"column":55}},"11":{"start":{"line":24,"column":26},"end":{"line":27,"column":42}},"12":{"start":{"line":29,"column":8},"end":{"line":31,"column":9}},"13":{"start":{"line":30,"column":12},"end":{"line":30,"column":77}},"14":{"start":{"line":33,"column":8},"end":{"line":33,"column":58}},"15":{"start":{"line":34,"column":8},"end":{"line":34,"column":40}},"16":{"start":{"line":36,"column":8},"end":{"line":36,"column":53}},"17":{"start":{"line":40,"column":18},"end":{"line":59,"column":1}},"18":{"start":{"line":42,"column":4},"end":{"line":58,"column":5}},"19":{"start":{"line":43,"column":23},"end":{"line":43,"column":40}},"20":{"start":{"line":44,"column":28},"end":{"line":48,"column":22}},"21":{"start":{"line":50,"column":8},"end":{"line":52,"column":9}},"22":{"start":{"line":51,"column":12},"end":{"line":51,"column":96}},"23":{"start":{"line":54,"column":8},"end":{"line":54,"column":58}},"24":{"start":{"line":55,"column":8},"end":{"line":55,"column":42}},"25":{"start":{"line":57,"column":8},"end":{"line":57,"column":53}},"26":{"start":{"line":61,"column":25},"end":{"line":80,"column":1}},"27":{"start":{"line":63,"column":4},"end":{"line":79,"column":5}},"28":{"start":{"line":64,"column":30},"end":{"line":64,"column":54}},"29":{"start":{"line":65,"column":28},"end":{"line":69,"column":22}},"30":{"start":{"line":71,"column":8},"end":{"line":73,"column":9}},"31":{"start":{"line":72,"column":12},"end":{"line":72,"column":108}},"32":{"start":{"line":75,"column":8},"end":{"line":75,"column":58}},"33":{"start":{"line":76,"column":8},"end":{"line":76,"column":42}},"34":{"start":{"line":78,"column":8},"end":{"line":78,"column":53}},"35":{"start":{"line":82,"column":24},"end":{"line":111,"column":1}},"36":{"start":{"line":84,"column":4},"end":{"line":110,"column":5}},"37":{"start":{"line":85,"column":29},"end":{"line":93,"column":9}},"38":{"start":{"line":95,"column":23},"end":{"line":98,"column":36}},"39":{"start":{"line":100,"column":8},"end":{"line":107,"column":9}},"40":{"start":{"line":101,"column":12},"end":{"line":104,"column":15}},"41":{"start":{"line":106,"column":12},"end":{"line":106,"column":75}},"42":{"start":{"line":109,"column":8},"end":{"line":109,"column":53}},"43":{"start":{"line":113,"column":24},"end":{"line":164,"column":1}},"44":{"start":{"line":127,"column":4},"end":{"line":163,"column":5}},"45":{"start":{"line":128,"column":28},"end":{"line":128,"column":55}},"46":{"start":{"line":130,"column":23},"end":{"line":133,"column":42}},"47":{"start":{"line":135,"column":8},"end":{"line":137,"column":9}},"48":{"start":{"line":136,"column":12},"end":{"line":136,"column":77}},"49":{"start":{"line":139,"column":24},"end":{"line":139,"column":26}},"50":{"start":{"line":140,"column":23},"end":{"line":140,"column":99}},"51":{"start":{"line":141,"column":8},"end":{"line":145,"column":11}},"52":{"start":{"line":142,"column":12},"end":{"line":144,"column":13}},"53":{"start":{"line":143,"column":16},"end":{"line":143,"column":49}},"54":{"start":{"line":147,"column":8},"end":{"line":149,"column":9}},"55":{"start":{"line":148,"column":12},"end":{"line":148,"column":85}},"56":{"start":{"line":151,"column":23},"end":{"line":154,"column":63}},"57":{"start":{"line":156,"column":8},"end":{"line":160,"column":9}},"58":{"start":{"line":157,"column":12},"end":{"line":157,"column":81}},"59":{"start":{"line":159,"column":12},"end":{"line":159,"column":79}},"60":{"start":{"line":162,"column":8},"end":{"line":162,"column":53}},"61":{"start":{"line":166,"column":24},"end":{"line":183,"column":1}},"62":{"start":{"line":168,"column":4},"end":{"line":182,"column":5}},"63":{"start":{"line":169,"column":28},"end":{"line":169,"column":55}},"64":{"start":{"line":170,"column":23},"end":{"line":173,"column":44}},"65":{"start":{"line":175,"column":8},"end":{"line":179,"column":9}},"66":{"start":{"line":176,"column":12},"end":{"line":176,"column":81}},"67":{"start":{"line":178,"column":12},"end":{"line":178,"column":69}},"68":{"start":{"line":181,"column":8},"end":{"line":181,"column":53}},"69":{"start":{"line":185,"column":0},"end":{"line":193,"column":2}}},"fnMap":{"0":{"name":"(anonymous_0)","decl":{"start":{"line":4,"column":15},"end":{"line":4,"column":16}},"loc":{"start":{"line":4,"column":35},"end":{"line":18,"column":1}},"line":4},"1":{"name":"(anonymous_1)","decl":{"start":{"line":20,"column":18},"end":{"line":20,"column":19}},"loc":{"start":{"line":20,"column":38},"end":{"line":38,"column":1}},"line":20},"2":{"name":"(anonymous_2)","decl":{"start":{"line":40,"column":18},"end":{"line":40,"column":19}},"loc":{"start":{"line":40,"column":38},"end":{"line":59,"column":1}},"line":40},"3":{"name":"(anonymous_3)","decl":{"start":{"line":61,"column":25},"end":{"line":61,"column":26}},"loc":{"start":{"line":61,"column":45},"end":{"line":80,"column":1}},"line":61},"4":{"name":"(anonymous_4)","decl":{"start":{"line":82,"column":24},"end":{"line":82,"column":25}},"loc":{"start":{"line":82,"column":44},"end":{"line":111,"column":1}},"line":82},"5":{"name":"(anonymous_5)","decl":{"start":{"line":113,"column":24},"end":{"line":113,"column":25}},"loc":{"start":{"line":113,"column":44},"end":{"line":164,"column":1}},"line":113},"6":{"name":"(anonymous_6)","decl":{"start":{"line":141,"column":23},"end":{"line":141,"column":24}},"loc":{"start":{"line":141,"column":32},"end":{"line":145,"column":9}},"line":141},"7":{"name":"(anonymous_7)","decl":{"start":{"line":166,"column":24},"end":{"line":166,"column":25}},"loc":{"start":{"line":166,"column":44},"end":{"line":183,"column":1}},"line":166}},"branchMap":{"0":{"loc":{"start":{"line":29,"column":8},"end":{"line":31,"column":9}},"type":"if","locations":[{"start":{"line":29,"column":8},"end":{"line":31,"column":9}},{"start":{},"end":{}}],"line":29},"1":{"loc":{"start":{"line":50,"column":8},"end":{"line":52,"column":9}},"type":"if","locations":[{"start":{"line":50,"column":8},"end":{"line":52,"column":9}},{"start":{},"end":{}}],"line":50},"2":{"loc":{"start":{"line":71,"column":8},"end":{"line":73,"column":9}},"type":"if","locations":[{"start":{"line":71,"column":8},"end":{"line":73,"column":9}},{"start":{},"end":{}}],"line":71},"3":{"loc":{"start":{"line":91,"column":26},"end":{"line":91,"column":53}},"type":"binary-expr","locations":[{"start":{"line":91,"column":26},"end":{"line":91,"column":47}},{"start":{"line":91,"column":51},"end":{"line":91,"column":53}}],"line":91},"4":{"loc":{"start":{"line":92,"column":22},"end":{"line":92,"column":48}},"type":"binary-expr","locations":[{"start":{"line":92,"column":22},"end":{"line":92,"column":39}},{"start":{"line":92,"column":43},"end":{"line":92,"column":48}}],"line":92},"5":{"loc":{"start":{"line":100,"column":8},"end":{"line":107,"column":9}},"type":"if","locations":[{"start":{"line":100,"column":8},"end":{"line":107,"column":9}},{"start":{"line":105,"column":15},"end":{"line":107,"column":9}}],"line":100},"6":{"loc":{"start":{"line":135,"column":8},"end":{"line":137,"column":9}},"type":"if","locations":[{"start":{"line":135,"column":8},"end":{"line":137,"column":9}},{"start":{},"end":{}}],"line":135},"7":{"loc":{"start":{"line":142,"column":12},"end":{"line":144,"column":13}},"type":"if","locations":[{"start":{"line":142,"column":12},"end":{"line":144,"column":13}},{"start":{},"end":{}}],"line":142},"8":{"loc":{"start":{"line":147,"column":8},"end":{"line":149,"column":9}},"type":"if","locations":[{"start":{"line":147,"column":8},"end":{"line":149,"column":9}},{"start":{},"end":{}}],"line":147},"9":{"loc":{"start":{"line":156,"column":8},"end":{"line":160,"column":9}},"type":"if","locations":[{"start":{"line":156,"column":8},"end":{"line":160,"column":9}},{"start":{"line":158,"column":15},"end":{"line":160,"column":9}}],"line":156},"10":{"loc":{"start":{"line":175,"column":8},"end":{"line":179,"column":9}},"type":"if","locations":[{"start":{"line":175,"column":8},"end":{"line":179,"column":9}},{"start":{"line":177,"column":15},"end":{"line":179,"column":9}}],"line":175}},"s":{"0":1,"1":1,"2":1,"3":1,"4":1,"5":1,"6":1,"7":0,"8":1,"9":2,"10":2,"11":2,"12":2,"13":1,"14":1,"15":1,"16":0,"17":1,"18":1,"19":1,"20":1,"21":1,"22":0,"23":1,"24":1,"25":0,"26":1,"27":1,"28":1,"29":1,"30":1,"31":0,"32":1,"33":1,"34":0,"35":1,"36":0,"37":0,"38":0,"39":0,"40":0,"41":0,"42":0,"43":1,"44":0,"45":0,"46":0,"47":0,"48":0,"49":0,"50":0,"51":0,"52":0,"53":0,"54":0,"55":0,"56":0,"57":0,"58":0,"59":0,"60":0,"61":1,"62":0,"63":0,"64":0,"65":0,"66":0,"67":0,"68":0,"69":1},"f":{"0":1,"1":2,"2":1,"3":1,"4":0,"5":0,"6":0,"7":0},"b":{"0":[1,1],"1":[0,1],"2":[0,1],"3":[0,0],"4":[0,0],"5":[0,0],"6":[0,0],"7":[0,0],"8":[0,0],"9":[0,0],"10":[0,0]},"_coverageSchema":"1a1c01bbd47fc00a2c39e90264f33305004495a9","hash":"94cca9ae13cb2a92166e88af5db936a67544caed"}
,"C:\\Users\\migarcos\\Documents\\BYU\\cse341\\cse341-team7\\controller\\review.js": {"path":"C:\\Users\\migarcos\\Documents\\BYU\\cse341\\cse341-team7\\controller\\review.js","statementMap":{"0":{"start":{"line":1,"column":16},"end":{"line":1,"column":43}},"1":{"start":{"line":2,"column":17},"end":{"line":2,"column":44}},"2":{"start":{"line":3,"column":22},"end":{"line":3,"column":59}},"3":{"start":{"line":6,"column":15},"end":{"line":16,"column":1}},"4":{"start":{"line":8,"column":4},"end":{"line":15,"column":5}},"5":{"start":{"line":9,"column":23},"end":{"line":9,"column":107}},"6":{"start":{"line":11,"column":8},"end":{"line":11,"column":58}},"7":{"start":{"line":12,"column":8},"end":{"line":12,"column":37}},"8":{"start":{"line":14,"column":8},"end":{"line":14,"column":53}},"9":{"start":{"line":18,"column":18},"end":{"line":33,"column":1}},"10":{"start":{"line":20,"column":4},"end":{"line":32,"column":5}},"11":{"start":{"line":21,"column":25},"end":{"line":21,"column":52}},"12":{"start":{"line":22,"column":23},"end":{"line":22,"column":117}},"13":{"start":{"line":24,"column":8},"end":{"line":26,"column":9}},"14":{"start":{"line":25,"column":12},"end":{"line":25,"column":73}},"15":{"start":{"line":28,"column":8},"end":{"line":28,"column":58}},"16":{"start":{"line":29,"column":8},"end":{"line":29,"column":37}},"17":{"start":{"line":31,"column":8},"end":{"line":31,"column":53}},"18":{"start":{"line":35,"column":25},"end":{"line":54,"column":1}},"19":{"start":{"line":37,"column":4},"end":{"line":53,"column":5}},"20":{"start":{"line":38,"column":24},"end":{"line":38,"column":37}},"21":{"start":{"line":39,"column":24},"end":{"line":43,"column":22}},"22":{"start":{"line":45,"column":8},"end":{"line":47,"column":9}},"23":{"start":{"line":46,"column":12},"end":{"line":46,"column":73}},"24":{"start":{"line":49,"column":8},"end":{"line":49,"column":58}},"25":{"start":{"line":50,"column":8},"end":{"line":50,"column":38}},"26":{"start":{"line":52,"column":8},"end":{"line":52,"column":53}},"27":{"start":{"line":56,"column":18},"end":{"line":75,"column":1}},"28":{"start":{"line":58,"column":4},"end":{"line":74,"column":5}},"29":{"start":{"line":59,"column":21},"end":{"line":59,"column":34}},"30":{"start":{"line":60,"column":24},"end":{"line":64,"column":22}},"31":{"start":{"line":66,"column":8},"end":{"line":68,"column":9}},"32":{"start":{"line":67,"column":12},"end":{"line":67,"column":73}},"33":{"start":{"line":70,"column":8},"end":{"line":70,"column":58}},"34":{"start":{"line":71,"column":8},"end":{"line":71,"column":38}},"35":{"start":{"line":73,"column":8},"end":{"line":73,"column":53}},"36":{"start":{"line":77,"column":21},"end":{"line":105,"column":1}},"37":{"start":{"line":79,"column":4},"end":{"line":104,"column":5}},"38":{"start":{"line":80,"column":23},"end":{"line":80,"column":43}},"39":{"start":{"line":82,"column":26},"end":{"line":89,"column":9}},"40":{"start":{"line":91,"column":23},"end":{"line":94,"column":33}},"41":{"start":{"line":96,"column":8},"end":{"line":101,"column":9}},"42":{"start":{"line":97,"column":12},"end":{"line":97,"column":82}},"43":{"start":{"line":98,"column":12},"end":{"line":98,"column":100}},"44":{"start":{"line":100,"column":12},"end":{"line":100,"column":71}},"45":{"start":{"line":103,"column":8},"end":{"line":103,"column":55}},"46":{"start":{"line":107,"column":21},"end":{"line":149,"column":1}},"47":{"start":{"line":109,"column":4},"end":{"line":148,"column":5}},"48":{"start":{"line":110,"column":25},"end":{"line":110,"column":52}},"49":{"start":{"line":111,"column":29},"end":{"line":111,"column":31}},"50":{"start":{"line":112,"column":29},"end":{"line":112,"column":94}},"51":{"start":{"line":120,"column":8},"end":{"line":124,"column":9}},"52":{"start":{"line":121,"column":12},"end":{"line":123,"column":13}},"53":{"start":{"line":122,"column":16},"end":{"line":122,"column":54}},"54":{"start":{"line":126,"column":23},"end":{"line":132,"column":13}},"55":{"start":{"line":134,"column":8},"end":{"line":145,"column":9}},"56":{"start":{"line":136,"column":34},"end":{"line":139,"column":58}},"57":{"start":{"line":141,"column":12},"end":{"line":141,"column":72}},"58":{"start":{"line":142,"column":12},"end":{"line":142,"column":77}},"59":{"start":{"line":144,"column":12},"end":{"line":144,"column":86}},"60":{"start":{"line":147,"column":8},"end":{"line":147,"column":55}},"61":{"start":{"line":151,"column":21},"end":{"line":174,"column":1}},"62":{"start":{"line":153,"column":4},"end":{"line":173,"column":5}},"63":{"start":{"line":154,"column":25},"end":{"line":154,"column":52}},"64":{"start":{"line":156,"column":23},"end":{"line":158,"column":39}},"65":{"start":{"line":160,"column":23},"end":{"line":163,"column":41}},"66":{"start":{"line":165,"column":8},"end":{"line":170,"column":9}},"67":{"start":{"line":166,"column":12},"end":{"line":166,"column":79}},"68":{"start":{"line":167,"column":12},"end":{"line":167,"column":35}},"69":{"start":{"line":169,"column":12},"end":{"line":169,"column":66}},"70":{"start":{"line":172,"column":8},"end":{"line":172,"column":52}},"71":{"start":{"line":176,"column":0},"end":{"line":184,"column":2}}},"fnMap":{"0":{"name":"(anonymous_0)","decl":{"start":{"line":6,"column":15},"end":{"line":6,"column":16}},"loc":{"start":{"line":6,"column":35},"end":{"line":16,"column":1}},"line":6},"1":{"name":"(anonymous_1)","decl":{"start":{"line":18,"column":18},"end":{"line":18,"column":19}},"loc":{"start":{"line":18,"column":38},"end":{"line":33,"column":1}},"line":18},"2":{"name":"(anonymous_2)","decl":{"start":{"line":35,"column":25},"end":{"line":35,"column":26}},"loc":{"start":{"line":35,"column":45},"end":{"line":54,"column":1}},"line":35},"3":{"name":"(anonymous_3)","decl":{"start":{"line":56,"column":18},"end":{"line":56,"column":19}},"loc":{"start":{"line":56,"column":38},"end":{"line":75,"column":1}},"line":56},"4":{"name":"(anonymous_4)","decl":{"start":{"line":77,"column":21},"end":{"line":77,"column":22}},"loc":{"start":{"line":77,"column":41},"end":{"line":105,"column":1}},"line":77},"5":{"name":"(anonymous_5)","decl":{"start":{"line":107,"column":21},"end":{"line":107,"column":22}},"loc":{"start":{"line":107,"column":41},"end":{"line":149,"column":1}},"line":107},"6":{"name":"(anonymous_6)","decl":{"start":{"line":151,"column":21},"end":{"line":151,"column":22}},"loc":{"start":{"line":151,"column":41},"end":{"line":174,"column":1}},"line":151}},"branchMap":{"0":{"loc":{"start":{"line":24,"column":8},"end":{"line":26,"column":9}},"type":"if","locations":[{"start":{"line":24,"column":8},"end":{"line":26,"column":9}},{"start":{},"end":{}}],"line":24},"1":{"loc":{"start":{"line":45,"column":8},"end":{"line":47,"column":9}},"type":"if","locations":[{"start":{"line":45,"column":8},"end":{"line":47,"column":9}},{"start":{},"end":{}}],"line":45},"2":{"loc":{"start":{"line":66,"column":8},"end":{"line":68,"column":9}},"type":"if","locations":[{"start":{"line":66,"column":8},"end":{"line":68,"column":9}},{"start":{},"end":{}}],"line":66},"3":{"loc":{"start":{"line":96,"column":8},"end":{"line":101,"column":9}},"type":"if","locations":[{"start":{"line":96,"column":8},"end":{"line":101,"column":9}},{"start":{"line":99,"column":15},"end":{"line":101,"column":9}}],"line":96},"4":{"loc":{"start":{"line":121,"column":12},"end":{"line":123,"column":13}},"type":"if","locations":[{"start":{"line":121,"column":12},"end":{"line":123,"column":13}},{"start":{},"end":{}}],"line":121},"5":{"loc":{"start":{"line":134,"column":8},"end":{"line":145,"column":9}},"type":"if","locations":[{"start":{"line":134,"column":8},"end":{"line":145,"column":9}},{"start":{"line":143,"column":15},"end":{"line":145,"column":9}}],"line":134},"6":{"loc":{"start":{"line":136,"column":34},"end":{"line":139,"column":58}},"type":"binary-expr","locations":[{"start":{"line":136,"column":34},"end":{"line":136,"column":56}},{"start":{"line":136,"column":60},"end":{"line":139,"column":58}}],"line":136},"7":{"loc":{"start":{"line":165,"column":8},"end":{"line":170,"column":9}},"type":"if","locations":[{"start":{"line":165,"column":8},"end":{"line":170,"column":9}},{"start":{"line":168,"column":15},"end":{"line":170,"column":9}}],"line":165}},"s":{"0":2,"1":2,"2":2,"3":2,"4":3,"5":3,"6":2,"7":2,"8":1,"9":2,"10":2,"11":2,"12":2,"13":2,"14":1,"15":1,"16":1,"17":0,"18":2,"19":2,"20":2,"21":2,"22":2,"23":1,"24":1,"25":1,"26":0,"27":2,"28":2,"29":2,"30":2,"31":2,"32":1,"33":1,"34":1,"35":0,"36":2,"37":0,"38":0,"39":0,"40":0,"41":0,"42":0,"43":0,"44":0,"45":0,"46":2,"47":0,"48":0,"49":0,"50":0,"51":0,"52":0,"53":0,"54":0,"55":0,"56":0,"57":0,"58":0,"59":0,"60":0,"61":2,"62":0,"63":0,"64":0,"65":0,"66":0,"67":0,"68":0,"69":0,"70":0,"71":2},"f":{"0":3,"1":2,"2":2,"3":2,"4":0,"5":0,"6":0},"b":{"0":[1,1],"1":[1,1],"2":[1,1],"3":[0,0],"4":[0,0],"5":[0,0],"6":[0,0],"7":[0,0]},"_coverageSchema":"1a1c01bbd47fc00a2c39e90264f33305004495a9","hash":"f55ed5627b8b6b30e0bbc99785c9486ac3a91d3b"}
,"C:\\Users\\migarcos\\Documents\\BYU\\cse341\\cse341-team7\\controller\\user.js": {"path":"C:\\Users\\migarcos\\Documents\\BYU\\cse341\\cse341-team7\\controller\\user.js","statementMap":{"0":{"start":{"line":1,"column":16},"end":{"line":1,"column":43}},"1":{"start":{"line":2,"column":17},"end":{"line":2,"column":44}},"2":{"start":{"line":4,"column":15},"end":{"line":17,"column":1}},"3":{"start":{"line":9,"column":4},"end":{"line":16,"column":5}},"4":{"start":{"line":10,"column":21},"end":{"line":10,"column":103}},"5":{"start":{"line":12,"column":8},"end":{"line":12,"column":58}},"6":{"start":{"line":13,"column":8},"end":{"line":13,"column":35}},"7":{"start":{"line":15,"column":8},"end":{"line":15,"column":86}},"8":{"start":{"line":19,"column":22},"end":{"line":39,"column":1}},"9":{"start":{"line":24,"column":4},"end":{"line":38,"column":5}},"10":{"start":{"line":25,"column":8},"end":{"line":27,"column":9}},"11":{"start":{"line":26,"column":12},"end":{"line":26,"column":72}},"12":{"start":{"line":29,"column":23},"end":{"line":29,"column":50}},"13":{"start":{"line":30,"column":21},"end":{"line":30,"column":111}},"14":{"start":{"line":31,"column":8},"end":{"line":33,"column":9}},"15":{"start":{"line":32,"column":12},"end":{"line":32,"column":71}},"16":{"start":{"line":34,"column":8},"end":{"line":34,"column":58}},"17":{"start":{"line":35,"column":8},"end":{"line":35,"column":35}},"18":{"start":{"line":37,"column":8},"end":{"line":37,"column":72}},"19":{"start":{"line":41,"column":19},"end":{"line":62,"column":1}},"20":{"start":{"line":46,"column":4},"end":{"line":61,"column":5}},"21":{"start":{"line":47,"column":21},"end":{"line":52,"column":9}},"22":{"start":{"line":53,"column":25},"end":{"line":53,"column":106}},"23":{"start":{"line":55,"column":8},"end":{"line":57,"column":9}},"24":{"start":{"line":56,"column":12},"end":{"line":56,"column":94}},"25":{"start":{"line":58,"column":8},"end":{"line":58,"column":67}},"26":{"start":{"line":60,"column":8},"end":{"line":60,"column":66}},"27":{"start":{"line":64,"column":19},"end":{"line":95,"column":1}},"28":{"start":{"line":69,"column":4},"end":{"line":94,"column":5}},"29":{"start":{"line":70,"column":8},"end":{"line":72,"column":9}},"30":{"start":{"line":71,"column":12},"end":{"line":71,"column":72}},"31":{"start":{"line":74,"column":23},"end":{"line":74,"column":50}},"32":{"start":{"line":75,"column":21},"end":{"line":80,"column":9}},"33":{"start":{"line":82,"column":25},"end":{"line":82,"column":133}},"34":{"start":{"line":83,"column":8},"end":{"line":85,"column":9}},"35":{"start":{"line":84,"column":12},"end":{"line":84,"column":71}},"36":{"start":{"line":87,"column":8},"end":{"line":89,"column":9}},"37":{"start":{"line":88,"column":12},"end":{"line":88,"column":89}},"38":{"start":{"line":91,"column":8},"end":{"line":91,"column":38}},"39":{"start":{"line":93,"column":8},"end":{"line":93,"column":72}},"40":{"start":{"line":97,"column":19},"end":{"line":115,"column":1}},"41":{"start":{"line":102,"column":4},"end":{"line":114,"column":5}},"42":{"start":{"line":103,"column":8},"end":{"line":105,"column":9}},"43":{"start":{"line":104,"column":12},"end":{"line":104,"column":72}},"44":{"start":{"line":106,"column":23},"end":{"line":106,"column":50}},"45":{"start":{"line":107,"column":25},"end":{"line":107,"column":117}},"46":{"start":{"line":108,"column":8},"end":{"line":110,"column":9}},"47":{"start":{"line":109,"column":12},"end":{"line":109,"column":42}},"48":{"start":{"line":111,"column":8},"end":{"line":111,"column":60}},"49":{"start":{"line":113,"column":8},"end":{"line":113,"column":90}},"50":{"start":{"line":118,"column":0},"end":{"line":118,"column":78}}},"fnMap":{"0":{"name":"(anonymous_0)","decl":{"start":{"line":4,"column":15},"end":{"line":4,"column":16}},"loc":{"start":{"line":4,"column":35},"end":{"line":17,"column":1}},"line":4},"1":{"name":"(anonymous_1)","decl":{"start":{"line":19,"column":22},"end":{"line":19,"column":23}},"loc":{"start":{"line":19,"column":42},"end":{"line":39,"column":1}},"line":19},"2":{"name":"(anonymous_2)","decl":{"start":{"line":41,"column":19},"end":{"line":41,"column":20}},"loc":{"start":{"line":41,"column":39},"end":{"line":62,"column":1}},"line":41},"3":{"name":"(anonymous_3)","decl":{"start":{"line":64,"column":19},"end":{"line":64,"column":20}},"loc":{"start":{"line":64,"column":39},"end":{"line":95,"column":1}},"line":64},"4":{"name":"(anonymous_4)","decl":{"start":{"line":97,"column":19},"end":{"line":97,"column":20}},"loc":{"start":{"line":97,"column":39},"end":{"line":115,"column":1}},"line":97}},"branchMap":{"0":{"loc":{"start":{"line":25,"column":8},"end":{"line":27,"column":9}},"type":"if","locations":[{"start":{"line":25,"column":8},"end":{"line":27,"column":9}},{"start":{},"end":{}}],"line":25},"1":{"loc":{"start":{"line":31,"column":8},"end":{"line":33,"column":9}},"type":"if","locations":[{"start":{"line":31,"column":8},"end":{"line":33,"column":9}},{"start":{},"end":{}}],"line":31},"2":{"loc":{"start":{"line":55,"column":8},"end":{"line":57,"column":9}},"type":"if","locations":[{"start":{"line":55,"column":8},"end":{"line":57,"column":9}},{"start":{},"end":{}}],"line":55},"3":{"loc":{"start":{"line":70,"column":8},"end":{"line":72,"column":9}},"type":"if","locations":[{"start":{"line":70,"column":8},"end":{"line":72,"column":9}},{"start":{},"end":{}}],"line":70},"4":{"loc":{"start":{"line":83,"column":8},"end":{"line":85,"column":9}},"type":"if","locations":[{"start":{"line":83,"column":8},"end":{"line":85,"column":9}},{"start":{},"end":{}}],"line":83},"5":{"loc":{"start":{"line":87,"column":8},"end":{"line":89,"column":9}},"type":"if","locations":[{"start":{"line":87,"column":8},"end":{"line":89,"column":9}},{"start":{},"end":{}}],"line":87},"6":{"loc":{"start":{"line":103,"column":8},"end":{"line":105,"column":9}},"type":"if","locations":[{"start":{"line":103,"column":8},"end":{"line":105,"column":9}},{"start":{},"end":{}}],"line":103},"7":{"loc":{"start":{"line":108,"column":8},"end":{"line":110,"column":9}},"type":"if","locations":[{"start":{"line":108,"column":8},"end":{"line":110,"column":9}},{"start":{},"end":{}}],"line":108}},"s":{"0":1,"1":1,"2":1,"3":1,"4":1,"5":1,"6":1,"7":0,"8":1,"9":2,"10":2,"11":0,"12":2,"13":2,"14":2,"15":1,"16":1,"17":1,"18":0,"19":1,"20":0,"21":0,"22":0,"23":0,"24":0,"25":0,"26":0,"27":1,"28":0,"29":0,"30":0,"31":0,"32":0,"33":0,"34":0,"35":0,"36":0,"37":0,"38":0,"39":0,"40":1,"41":0,"42":0,"43":0,"44":0,"45":0,"46":0,"47":0,"48":0,"49":0,"50":1},"f":{"0":1,"1":2,"2":0,"3":0,"4":0},"b":{"0":[0,2],"1":[1,1],"2":[0,0],"3":[0,0],"4":[0,0],"5":[0,0],"6":[0,0],"7":[0,0]},"_coverageSchema":"1a1c01bbd47fc00a2c39e90264f33305004495a9","hash":"0e5f5e61d3f26f4e1d37f4a3bccdca8853f370f8"}
,"C:\\Users\\migarcos\\Documents\\BYU\\cse341\\cse341-team7\\data\\database.js": {"path":"C:\\Users\\migarcos\\Documents\\BYU\\cse341\\cse341-team7\\data\\database.js","statementMap":{"0":{"start":{"line":1,"column":15},"end":{"line":1,"column":32}},"1":{"start":{"line":2,"column":0},"end":{"line":2,"column":16}},"2":{"start":{"line":4,"column":20},"end":{"line":4,"column":50}},"3":{"start":{"line":8,"column":15},"end":{"line":21,"column":1}},"4":{"start":{"line":9,"column":4},"end":{"line":12,"column":5}},"5":{"start":{"line":10,"column":8},"end":{"line":10,"column":50}},"6":{"start":{"line":11,"column":8},"end":{"line":11,"column":40}},"7":{"start":{"line":13,"column":4},"end":{"line":20,"column":10}},"8":{"start":{"line":15,"column":12},"end":{"line":15,"column":30}},"9":{"start":{"line":16,"column":12},"end":{"line":16,"column":37}},"10":{"start":{"line":19,"column":12},"end":{"line":19,"column":26}},"11":{"start":{"line":23,"column":20},"end":{"line":28,"column":1}},"12":{"start":{"line":24,"column":4},"end":{"line":26,"column":5}},"13":{"start":{"line":25,"column":8},"end":{"line":25,"column":48}},"14":{"start":{"line":27,"column":4},"end":{"line":27,"column":20}},"15":{"start":{"line":30,"column":0},"end":{"line":30,"column":40}}},"fnMap":{"0":{"name":"(anonymous_0)","decl":{"start":{"line":8,"column":15},"end":{"line":8,"column":16}},"loc":{"start":{"line":8,"column":29},"end":{"line":21,"column":1}},"line":8},"1":{"name":"(anonymous_1)","decl":{"start":{"line":14,"column":14},"end":{"line":14,"column":15}},"loc":{"start":{"line":14,"column":26},"end":{"line":17,"column":9}},"line":14},"2":{"name":"(anonymous_2)","decl":{"start":{"line":18,"column":15},"end":{"line":18,"column":16}},"loc":{"start":{"line":18,"column":24},"end":{"line":20,"column":9}},"line":18},"3":{"name":"(anonymous_3)","decl":{"start":{"line":23,"column":20},"end":{"line":23,"column":21}},"loc":{"start":{"line":23,"column":26},"end":{"line":28,"column":1}},"line":23}},"branchMap":{"0":{"loc":{"start":{"line":9,"column":4},"end":{"line":12,"column":5}},"type":"if","locations":[{"start":{"line":9,"column":4},"end":{"line":12,"column":5}},{"start":{},"end":{}}],"line":9},"1":{"loc":{"start":{"line":24,"column":4},"end":{"line":26,"column":5}},"type":"if","locations":[{"start":{"line":24,"column":4},"end":{"line":26,"column":5}},{"start":{},"end":{}}],"line":24}},"s":{"0":5,"1":5,"2":5,"3":5,"4":4,"5":0,"6":0,"7":4,"8":4,"9":4,"10":0,"11":5,"12":29,"13":0,"14":29,"15":5},"f":{"0":4,"1":4,"2":0,"3":29},"b":{"0":[0,4],"1":[0,29]},"_coverageSchema":"1a1c01bbd47fc00a2c39e90264f33305004495a9","hash":"b1a9a891e1f3489a1128076f21300da564c758f4"}
,"C:\\Users\\migarcos\\Documents\\BYU\\cse341\\cse341-team7\\utilities\\reviewUpdater.js": {"path":"C:\\Users\\migarcos\\Documents\\BYU\\cse341\\cse341-team7\\utilities\\reviewUpdater.js","statementMap":{"0":{"start":{"line":1,"column":16},"end":{"line":1,"column":43}},"1":{"start":{"line":2,"column":17},"end":{"line":2,"column":44}},"2":{"start":{"line":4,"column":33},"end":{"line":21,"column":1}},"3":{"start":{"line":5,"column":20},"end":{"line":9,"column":18}},"4":{"start":{"line":11,"column":26},"end":{"line":12,"column":86}},"5":{"start":{"line":12,"column":42},"end":{"line":12,"column":61}},"6":{"start":{"line":14,"column":4},"end":{"line":20,"column":10}},"7":{"start":{"line":23,"column":0},"end":{"line":23,"column":46}}},"fnMap":{"0":{"name":"(anonymous_0)","decl":{"start":{"line":4,"column":33},"end":{"line":4,"column":34}},"loc":{"start":{"line":4,"column":58},"end":{"line":21,"column":1}},"line":4},"1":{"name":"(anonymous_1)","decl":{"start":{"line":12,"column":25},"end":{"line":12,"column":26}},"loc":{"start":{"line":12,"column":42},"end":{"line":12,"column":61}},"line":12}},"branchMap":{"0":{"loc":{"start":{"line":11,"column":26},"end":{"line":12,"column":86}},"type":"cond-expr","locations":[{"start":{"line":12,"column":10},"end":{"line":12,"column":82}},{"start":{"line":12,"column":85},"end":{"line":12,"column":86}}],"line":11}},"s":{"0":2,"1":2,"2":2,"3":0,"4":0,"5":0,"6":0,"7":2},"f":{"0":0,"1":0},"b":{"0":[0,0]},"_coverageSchema":"1a1c01bbd47fc00a2c39e90264f33305004495a9","hash":"dcc308f852e774e31e4ae418a5fd33493736222f"}
}
