TN:
SF:controller\destination.js
FN:5,(anonymous_0)
FN:19,(anonymous_1)
FN:39,(anonymous_2)
FN:59,(anonymous_3)
FN:79,(anonymous_4)
FN:107,(anonymous_5)
FN:134,(anonymous_6)
FN:155,(anonymous_7)
FNF:8
FNH:2
FNDA:1,(anonymous_0)
FNDA:2,(anonymous_1)
FNDA:0,(anonymous_2)
FNDA:0,(anonymous_3)
FNDA:0,(anonymous_4)
FNDA:0,(anonymous_5)
FNDA:0,(anonymous_6)
FNDA:0,(anonymous_7)
DA:1,1
DA:2,1
DA:5,1
DA:7,1
DA:8,1
DA:11,1
DA:12,1
DA:14,0
DA:19,1
DA:21,2
DA:22,2
DA:23,2
DA:26,2
DA:27,1
DA:31,1
DA:32,1
DA:34,0
DA:39,1
DA:41,0
DA:42,0
DA:43,0
DA:46,0
DA:47,0
DA:51,0
DA:52,0
DA:54,0
DA:59,1
DA:61,0
DA:62,0
DA:63,0
DA:66,0
DA:67,0
DA:71,0
DA:72,0
DA:74,0
DA:79,1
DA:81,0
DA:82,0
DA:93,0
DA:96,0
DA:97,0
DA:99,0
DA:102,0
DA:107,1
DA:121,0
DA:122,0
DA:123,0
DA:126,0
DA:127,0
DA:132,0
DA:133,0
DA:134,0
DA:135,0
DA:136,0
DA:141,0
DA:144,0
DA:145,0
DA:147,0
DA:150,0
DA:155,1
DA:157,0
DA:158,0
DA:159,0
DA:162,0
DA:163,0
DA:165,0
DA:168,0
DA:174,1
LF:68
LH:21
BRDA:26,0,0,1
BRDA:26,0,1,1
BRDA:46,1,0,0
BRDA:46,1,1,0
BRDA:66,2,0,0
BRDA:66,2,1,0
BRDA:96,3,0,0
BRDA:96,3,1,0
BRDA:126,4,0,0
BRDA:126,4,1,0
BRDA:135,5,0,0
BRDA:135,5,1,0
BRDA:144,6,0,0
BRDA:144,6,1,0
BRDA:162,7,0,0
BRDA:162,7,1,0
BRF:16
BRH:2
end_of_record
TN:
SF:controller\itinerary.js
FN:4,(anonymous_0)
FN:20,(anonymous_1)
FN:40,(anonymous_2)
FN:61,(anonymous_3)
FN:82,(anonymous_4)
FN:113,(anonymous_5)
FN:141,(anonymous_6)
FN:166,(anonymous_7)
FNF:8
FNH:4
FNDA:1,(anonymous_0)
FNDA:2,(anonymous_1)
FNDA:1,(anonymous_2)
FNDA:1,(anonymous_3)
FNDA:0,(anonymous_4)
FNDA:0,(anonymous_5)
FNDA:0,(anonymous_6)
FNDA:0,(anonymous_7)
DA:1,1
DA:2,1
DA:4,1
DA:6,1
DA:7,1
DA:13,1
DA:14,1
DA:16,0
DA:20,1
DA:22,2
DA:23,2
DA:24,2
DA:29,2
DA:30,1
DA:33,1
DA:34,1
DA:36,0
DA:40,1
DA:42,1
DA:43,1
DA:44,1
DA:50,1
DA:51,0
DA:54,1
DA:55,1
DA:57,0
DA:61,1
DA:63,1
DA:64,1
DA:65,1
DA:71,1
DA:72,0
DA:75,1
DA:76,1
DA:78,0
DA:82,1
DA:84,0
DA:85,0
DA:95,0
DA:100,0
DA:101,0
DA:106,0
DA:109,0
DA:113,1
DA:127,0
DA:128,0
DA:130,0
DA:135,0
DA:136,0
DA:139,0
DA:140,0
DA:141,0
DA:142,0
DA:143,0
DA:147,0
DA:148,0
DA:151,0
DA:156,0
DA:157,0
DA:159,0
DA:162,0
DA:166,1
DA:168,0
DA:169,0
DA:170,0
DA:175,0
DA:176,0
DA:178,0
DA:181,0
DA:185,1
LF:70
LH:33
BRDA:29,0,0,1
BRDA:29,0,1,1
BRDA:50,1,0,0
BRDA:50,1,1,1
BRDA:71,2,0,0
BRDA:71,2,1,1
BRDA:91,3,0,0
BRDA:91,3,1,0
BRDA:92,4,0,0
BRDA:92,4,1,0
BRDA:100,5,0,0
BRDA:100,5,1,0
BRDA:135,6,0,0
BRDA:135,6,1,0
BRDA:142,7,0,0
BRDA:142,7,1,0
BRDA:147,8,0,0
BRDA:147,8,1,0
BRDA:156,9,0,0
BRDA:156,9,1,0
BRDA:175,10,0,0
BRDA:175,10,1,0
BRF:22
BRH:4
end_of_record
TN:
SF:controller\review.js
FN:6,(anonymous_0)
FN:18,(anonymous_1)
FN:35,(anonymous_2)
FN:56,(anonymous_3)
FN:77,(anonymous_4)
FN:107,(anonymous_5)
FN:151,(anonymous_6)
FNF:7
FNH:4
FNDA:3,(anonymous_0)
FNDA:2,(anonymous_1)
FNDA:2,(anonymous_2)
FNDA:2,(anonymous_3)
FNDA:0,(anonymous_4)
FNDA:0,(anonymous_5)
FNDA:0,(anonymous_6)
DA:1,2
DA:2,2
DA:3,2
DA:6,2
DA:8,3
DA:9,3
DA:11,2
DA:12,2
DA:14,1
DA:18,2
DA:20,2
DA:21,2
DA:22,2
DA:24,2
DA:25,1
DA:28,1
DA:29,1
DA:31,0
DA:35,2
DA:37,2
DA:38,2
DA:39,2
DA:45,2
DA:46,1
DA:49,1
DA:50,1
DA:52,0
DA:56,2
DA:58,2
DA:59,2
DA:60,2
DA:66,2
DA:67,1
DA:70,1
DA:71,1
DA:73,0
DA:77,2
DA:79,0
DA:80,0
DA:82,0
DA:91,0
DA:96,0
DA:97,0
DA:98,0
DA:100,0
DA:103,0
DA:107,2
DA:109,0
DA:110,0
DA:111,0
DA:112,0
DA:120,0
DA:121,0
DA:122,0
DA:126,0
DA:134,0
DA:136,0
DA:141,0
DA:142,0
DA:144,0
DA:147,0
DA:151,2
DA:153,0
DA:154,0
DA:156,0
DA:160,0
DA:165,0
DA:166,0
DA:167,0
DA:169,0
DA:172,0
DA:176,2
LF:72
LH:37
BRDA:24,0,0,1
BRDA:24,0,1,1
BRDA:45,1,0,1
BRDA:45,1,1,1
BRDA:66,2,0,1
BRDA:66,2,1,1
BRDA:96,3,0,0
BRDA:96,3,1,0
BRDA:121,4,0,0
BRDA:121,4,1,0
BRDA:134,5,0,0
BRDA:134,5,1,0
BRDA:136,6,0,0
BRDA:136,6,1,0
BRDA:165,7,0,0
BRDA:165,7,1,0
BRF:16
BRH:6
end_of_record
TN:
SF:controller\user.js
FN:4,(anonymous_0)
FN:19,(anonymous_1)
FN:41,(anonymous_2)
FN:64,(anonymous_3)
FN:97,(anonymous_4)
FNF:5
FNH:2
FNDA:1,(anonymous_0)
FNDA:2,(anonymous_1)
FNDA:0,(anonymous_2)
FNDA:0,(anonymous_3)
FNDA:0,(anonymous_4)
DA:1,1
DA:2,1
DA:4,1
DA:9,1
DA:10,1
DA:12,1
DA:13,1
DA:15,0
DA:19,1
DA:24,2
DA:25,2
DA:26,0
DA:29,2
DA:30,2
DA:31,2
DA:32,1
DA:34,1
DA:35,1
DA:37,0
DA:41,1
DA:46,0
DA:47,0
DA:53,0
DA:55,0
DA:56,0
DA:58,0
DA:60,0
DA:64,1
DA:69,0
DA:70,0
DA:71,0
DA:74,0
DA:75,0
DA:82,0
DA:83,0
DA:84,0
DA:87,0
DA:88,0
DA:91,0
DA:93,0
DA:97,1
DA:102,0
DA:103,0
DA:104,0
DA:106,0
DA:107,0
DA:108,0
DA:109,0
DA:111,0
DA:113,0
DA:118,1
LF:51
LH:20
BRDA:25,0,0,0
BRDA:25,0,1,2
BRDA:31,1,0,1
BRDA:31,1,1,1
BRDA:55,2,0,0
BRDA:55,2,1,0
BRDA:70,3,0,0
BRDA:70,3,1,0
BRDA:83,4,0,0
BRDA:83,4,1,0
BRDA:87,5,0,0
BRDA:87,5,1,0
BRDA:103,6,0,0
BRDA:103,6,1,0
BRDA:108,7,0,0
BRDA:108,7,1,0
BRF:16
BRH:3
end_of_record
TN:
SF:data\database.js
FN:8,(anonymous_0)
FN:14,(anonymous_1)
FN:18,(anonymous_2)
FN:23,(anonymous_3)
FNF:4
FNH:3
FNDA:4,(anonymous_0)
FNDA:4,(anonymous_1)
FNDA:0,(anonymous_2)
FNDA:29,(anonymous_3)
DA:1,5
DA:2,5
DA:4,5
DA:8,5
DA:9,4
DA:10,0
DA:11,0
DA:13,4
DA:15,4
DA:16,4
DA:19,0
DA:23,5
DA:24,29
DA:25,0
DA:27,29
DA:30,5
LF:16
LH:12
BRDA:9,0,0,0
BRDA:9,0,1,4
BRDA:24,1,0,0
BRDA:24,1,1,29
BRF:4
BRH:2
end_of_record
TN:
SF:utilities\reviewUpdater.js
FN:4,(anonymous_0)
FN:12,(anonymous_1)
FNF:2
FNH:0
FNDA:0,(anonymous_0)
FNDA:0,(anonymous_1)
DA:1,2
DA:2,2
DA:4,2
DA:5,0
DA:11,0
DA:12,0
DA:14,0
DA:23,2
LF:8
LH:4
BRDA:11,0,0,0
BRDA:11,0,1,0
BRF:2
BRH:0
end_of_record
